<?xml version="1.0" encoding="UTF-8" ?>
<testsuite errors="1" failures="1" hostname="Bobi" name="org.collectd.mx.MBeanSenderTest" tests="3" time="1.132" timestamp="2011-04-22T08:46:45">
  <properties>
    <property name="libs.jsp-compiler.javadoc" value="" />
    <property name="netbeans.autoupdate.country" value="FR" />
    <property name="javax.xml.parsers.SAXParserFactory" value="com.sun.org.apache.xerces.internal.jaxp.SAXParserFactoryImpl" />
    <property name="javac.test.classpath" value=":build/classes:/home/bobi/netbeans-6.9.1/java/modules/ext/junit-3.8.2.jar:/home/bobi/netbeans-6.9.1/platform/modules/ext/junit-4.5.jar" />
    <property name="libs.jsf20.maven-pom" value="" />
    <property name="libs.DataBindingME.src" value="" />
    <property name="libs.j2me_ant_ext.javadoc" value="" />
    <property name="libs.JasperReports.javadoc" value="" />
    <property name="libs.proguard.javadoc" value="" />
    <property name="libs.junit.javadoc" value="/home/bobi/netbeans-6.9.1/java/docs/junit-3.8.2-api.zip" />
    <property name="libs.nsicom-ant-utils.src" value="" />
    <property name="libs.nokiaS80-ant-utils.javadoc" value="" />
    <property name="ant.core.lib" value="/home/bobi/netbeans-6.9.1/java/ant/lib/ant.jar" />
    <property name="libs.swing-app-framework.src" value="" />
    <property name="libs.jakarta_slide_ant_webdav.javadoc" value="" />
    <property name="javadoc.windowtitle" value="" />
    <property name="ant.file.jcollectd-impl" value="/home/bobi/NetBeansProjects/jcollectd/jcollectd/nbproject/build-impl.xml" />
    <property name="libs.toplink.classpath" value="/home/bobi/netbeans-6.9.1/java/modules/ext/toplink/toplink-essentials.jar:/home/bobi/netbeans-6.9.1/java/modules/ext/toplink/toplink-essentials-agent.jar" />
    <property name="libs.jsp-compilation.javadoc" value="" />
    <property name="user.dir" value="/home/bobi/NetBeansProjects/jcollectd/jcollectd" />
    <property name="libs.hibernate-persistence.javadoc" value="" />
    <property name="libs.JMUnit4CLDC10.javadoc" value="/home/bobi/netbeans-6.9.1/mobility/modules/docs/jmunit-1.2.1-api.zip" />
    <property name="java.vm.version" value="19.1-b02" />
    <property name="libs.DataBindingME.classpath" value="/home/bobi/netbeans-6.9.1/mobility/modules/ext/netbeans_databindingme.jar" />
    <property name="libs.jstl11.maven-pom" value="" />
    <property name="libs.Java-EE-GlassFish-v3.wsimport" value="" />
    <property name="libs.JasperReports.src" value="" />
    <property name="libs.nsicom-ant-utils.classpath" value="/home/bobi/netbeans-6.9.1/mobility/ant/nblib/org-netbeans-modules-j2me-cdc-project-nsicom.jar" />
    <property name="libs.MySQLDriver.classpath" value="/home/bobi/netbeans-6.9.1/ide/modules/ext/mysql-connector-java-5.1.6-bin.jar" />
    <property name="libs.jstl11.src" value="" />
    <property name="libs.ZK5.0.5CE.classpath" value="/home/bobi/.netbeans/6.9/zk505ce/breeze.jar:/home/bobi/.netbeans/6.9/zk505ce/bsh.jar:/home/bobi/.netbeans/6.9/zk505ce/ckez.jar:/home/bobi/.netbeans/6.9/zk505ce/commons-collections.jar:/home/bobi/.netbeans/6.9/zk505ce/commons-digester.jar:/home/bobi/.netbeans/6.9/zk505ce/commons-fileupload.jar:/home/bobi/.netbeans/6.9/zk505ce/commons-io.jar:/home/bobi/.netbeans/6.9/zk505ce/commons-logging.jar:/home/bobi/.netbeans/6.9/zk505ce/fckez.jar:/home/bobi/.netbeans/6.9/zk505ce/Filters.jar:/home/bobi/.netbeans/6.9/zk505ce/gmapsz.jar:/home/bobi/.netbeans/6.9/zk505ce/groovy.jar:/home/bobi/.netbeans/6.9/zk505ce/itext.jar:/home/bobi/.netbeans/6.9/zk505ce/jasperreports.jar:/home/bobi/.netbeans/6.9/zk505ce/jcommon.jar:/home/bobi/.netbeans/6.9/zk505ce/jfreechart.jar:/home/bobi/.netbeans/6.9/zk505ce/jruby.jar:/home/bobi/.netbeans/6.9/zk505ce/js.jar:/home/bobi/.netbeans/6.9/zk505ce/jxl.jar:/home/bobi/.netbeans/6.9/zk505ce/jython.jar:/home/bobi/.netbeans/6.9/zk505ce/poi.jar:/home/bobi/.netbeans/6.9/zk505ce/timelinez.jar:/home/bobi/.netbeans/6.9/zk505ce/timeplotz.jar:/home/bobi/.netbeans/6.9/zk505ce/zcommon.jar:/home/bobi/.netbeans/6.9/zk505ce/zcommons-el.jar:/home/bobi/.netbeans/6.9/zk505ce/zhtml.jar:/home/bobi/.netbeans/6.9/zk505ce/zk.jar:/home/bobi/.netbeans/6.9/zk505ce/zkplus.jar:/home/bobi/.netbeans/6.9/zk505ce/zul.jar:/home/bobi/.netbeans/6.9/zk505ce/zweb.jar" />
    <property name="javadoc.notree" value="false" />
    <property name="libs.ZK5.0.5CE.javadoc" value="" />
    <property name="netbeans.autoupdate.version" value="1.23" />
    <property name="libs.EclipseLink-GlassFish-v3.classpath" value="/home/bobi/glassfish-3.0.1/glassfish/modules/org.eclipse.persistence.core.jar:/home/bobi/glassfish-3.0.1/glassfish/modules/org.eclipse.persistence.antlr.jar:/home/bobi/glassfish-3.0.1/glassfish/modules/org.eclipse.persistence.jpa.modelgen.jar:/home/bobi/glassfish-3.0.1/glassfish/modules/org.eclipse.persistence.jpa.jar:/home/bobi/glassfish-3.0.1/glassfish/modules/org.eclipse.persistence.asm.jar:/home/bobi/glassfish-3.0.1/glassfish/modules/org.eclipse.persistence.oracle.jar:/home/bobi/glassfish-3.0.1/glassfish/modules/javax.persistence.jar" />
    <property name="libs.javaee-web-api-6.0.classpath" value="/home/bobi/netbeans-6.9.1/enterprise/modules/ext/javaee-web-api-6.0.jar" />
    <property name="libs.DataBindingME-PIM.maven-pom" value="" />
    <property name="libs.hibernate-support.maven-pom" value="" />
    <property name="libs.hibernate-support.javadoc" value="" />
    <property name="libs.NetBeans MIDP Components.maven-pom" value="" />
    <property name="jdk.home" value="/usr/lib/jvm/java-6-sun" />
    <property name="libs.javac-api.src" value="" />
    <property name="javadoc.noindex" value="false" />
    <property name="sun.os.patch.level" value="unknown" />
    <property name="ant.file.type.jcollectd" value="file" />
    <property name="java.vm.specification.name" value="Java Virtual Machine Specification" />
    <property name="libs.semc-ant-utils.classpath" value="/home/bobi/netbeans-6.9.1/mobility/modules/ext/org-netbeans-modules-j2me-cdc-project-semc.jar" />
    <property name="nb.show.statistics.ui" value="usageStatisticsEnabled" />
    <property name="libs.nokiadeployment.classpath" value="/home/bobi/netbeans-6.9.1/mobility/modules/org-netbeans-modules-mobility-deployment-nokia.jar" />
    <property name="netbeans.autoupdate.variant" value="" />
    <property name="have.tests" value="true" />
    <property name="libs.nokiaS80-ant-utils.maven-pom" value="" />
    <property name="org.xml.sax.driver" value="com.sun.org.apache.xerces.internal.jaxp.SAXParserImpl$JAXPSAXParser" />
    <property name="libs.nb_svg_midp_components.src" value="/home/bobi/netbeans-6.9.1/mobility/sources/nb_svg_midp_components-src.zip" />
    <property name="libs.NetBeans MIDP Components WMA.src" value="/home/bobi/netbeans-6.9.1/mobility/sources/netbeans_midp_components_wma-src.zip" />
    <property name="libs.javac-api.javadoc" value="" />
    <property name="os.name" value="Linux" />
    <property name="libs.beans-binding.classpath" value="/home/bobi/netbeans-6.9.1/java/modules/ext/beansbinding-1.2.1.jar" />
    <property name="ap.proc.none.internal" value="" />
    <property name="libs.DataBindingME-SVG.javadoc" value="/home/bobi/netbeans-6.9.1/mobility/modules/docs/netbeans_databindingme_svg-api.zip" />
    <property name="libs.restapi.javadoc" value="/home/bobi/netbeans-6.9.1/enterprise/docs/jsr311-api-1.1.1-javadoc.zip" />
    <property name="libs.JWSAntTasks.maven-pom" value="" />
    <property name="libs.ojec-ant-utils.src" value="" />
    <property name="libs.spring-webmvc3.0.src" value="" />
    <property name="libs.restapi.classpath" value="/home/bobi/netbeans-6.9.1/enterprise/modules/ext/rest/jsr311-api-1.1.1.jar" />
    <property name="java.vendor.url.bug" value="http://java.sun.com/cgi-bin/bugreport.cgi" />
    <property name="libs.nsicom-ant-utils.javadoc" value="" />
    <property name="libs.jaxb.maven-pom" value="" />
    <property name="os.arch" value="i386" />
    <property name="libs.eclipselink.src" value="" />
    <property name="user.name" value="bobi" />
    <property name="libs.jsf12.javadoc" value="/home/bobi/netbeans-6.9.1/enterprise/docs/javaee6-doc-api.zip" />
    <property name="libs.Comet-GlassFish-v3.javadoc" value="" />
    <property name="javax.xml.datatype.DatatypeFactory" value="com.sun.org.apache.xerces.internal.jaxp.datatype.DatatypeFactoryImpl" />
    <property name="libs.spring-webmvc3.0.maven-pom" value="" />
    <property name="libs.swing-layout.maven-pom" value="" />
    <property name="build.classes.dir" value="build/classes" />
    <property name="netbeans.accept_license_class" value="org.netbeans.license.AcceptLicense" />
    <property name="jnlp.descriptor" value="application" />
    <property name="libs.Java-EE-GlassFish-v3.wsjwsdp" value="" />
    <property name="build.sysclasspath" value="ignore" />
    <property name="ap.supported.internal" value="true" />
    <property name="libs.jaxws21.javadoc" value="/home/bobi/netbeans-6.9.1/java/docs/jaxws-api-doc.zip" />
    <property name="includes" value="**" />
    <property name="javax.xml.parsers.DocumentBuilderFactory" value="com.sun.org.apache.xerces.internal.jaxp.DocumentBuilderFactoryImpl" />
    <property name="libs.ojec-ant-utils.maven-pom" value="" />
    <property name="user.country" value="FR" />
    <property name="libs.jstl11.javadoc" value="/home/bobi/netbeans-6.9.1/enterprise/docs/javaee6-doc-api.zip" />
    <property name="libs.JMUnit4CLDC11.src" value="" />
    <property name="javadoc.encoding" value="UTF-8" />
    <property name="javac.classpath" value="" />
    <property name="debug-transport" value="dt_socket" />
    <property name="libs.ZK5.0.5CE.src" value="" />
    <property name="netbeans.system_http_non_proxy_hosts" value="" />
    <property name="netbeans.home" value="/home/bobi/netbeans-6.9.1/platform" />
    <property name="build.compiler.emacs" value="true" />
    <property name="file.reference.main-java" value="../../../agarnier/jcollectd/src/main/java" />
    <property name="libs.javaee-web-api-6.0.src" value="" />
    <property name="libs.ejb3-persistence.src" value="" />
    <property name="libs.Java-EE-GlassFish-v3.javadoc" value="/home/bobi/netbeans-6.9.1/enterprise/docs/javaee6-doc-api.zip" />
    <property name="libs.nokiaS80-ant-utils.src" value="" />
    <property name="libs.cdc-pp-awt-layout.javadoc" value="" />
    <property name="libs.j2me_ant_ext.classpath" value="/home/bobi/netbeans-6.9.1/mobility/modules/org-netbeans-modules-mobility-antext.jar:/home/bobi/netbeans-6.9.1/java/modules/org-netbeans-modules-classfile.jar" />
    <property name="java.endorsed.dirs" value="/usr/lib/jvm/java-6-sun-1.6.0.24/jre/lib/endorsed" />
    <property name="libs.Comet-GlassFish-v3.maven-pom" value="" />
    <property name="libs.groovy-all.src" value="" />
    <property name="netbeans.dynamic.classpath" value="/home/bobi/netbeans-6.9.1/platform/core/core.jar:/home/bobi/netbeans-6.9.1/platform/core/org-openide-filesystems.jar:/home/bobi/netbeans-6.9.1/platform/core/locale/core_ja.jar:/home/bobi/netbeans-6.9.1/platform/core/locale/org-openide-filesystems_zh_CN.jar:/home/bobi/netbeans-6.9.1/platform/core/locale/org-openide-filesystems_pt_BR.jar:/home/bobi/netbeans-6.9.1/platform/core/locale/core_zh_CN.jar:/home/bobi/netbeans-6.9.1/platform/core/locale/core_pt_BR.jar:/home/bobi/netbeans-6.9.1/platform/core/locale/org-openide-filesystems_ja.jar:/home/bobi/netbeans-6.9.1/nb/core/org-netbeans-upgrader.jar:/home/bobi/netbeans-6.9.1/nb/core/locale/core_nb_ja.jar:/home/bobi/netbeans-6.9.1/nb/core/locale/core_nb_zh_CN.jar:/home/bobi/netbeans-6.9.1/nb/core/locale/core_nb.jar:/home/bobi/netbeans-6.9.1/nb/core/locale/org-netbeans-upgrader_zh_CN.jar:/home/bobi/netbeans-6.9.1/nb/core/locale/org-netbeans-upgrader_pt_BR.jar:/home/bobi/netbeans-6.9.1/nb/core/locale/core_nb_pt_BR.jar:/home/bobi/netbeans-6.9.1/nb/core/locale/org-netbeans-upgrader_ja.jar" />
    <property name="libs.cdc-agui-swing-layout.maven-pom" value="" />
    <property name="jnlp.enabled" value="false" />
    <property name="libs.cdc-pp-awt-layout.src" value="/home/bobi/netbeans-6.9.1/mobility/sources/cdc-pp-awt-layout-src.zip" />
    <property name="java.vm.specification.version" value="1.0" />
    <property name="libs.jakarta_slide_ant_webdav.src" value="" />
    <property name="libs.javaee-api-6.0.classpath" value="/home/bobi/netbeans-6.9.1/enterprise/modules/ext/javaee-api-6.0.jar" />
    <property name="libs.sjmc-ant-utils.maven-pom" value="" />
    <property name="libs.groovy-all.maven-pom" value="" />
    <property name="libs.JMUnit4CLDC10.maven-pom" value="" />
    <property name="libs.hibernate-persistence.classpath" value="/home/bobi/netbeans-6.9.1/java/modules/ext/hibernate/antlr-2.7.6.jar:/home/bobi/netbeans-6.9.1/java/modules/ext/hibernate/asm.jar:/home/bobi/netbeans-6.9.1/java/modules/ext/hibernate/asm-attrs.jar:/home/bobi/netbeans-6.9.1/java/modules/ext/hibernate/cglib-2.1.3.jar:/home/bobi/netbeans-6.9.1/java/modules/ext/hibernate/commons-collections-2.1.1.jar:/home/bobi/netbeans-6.9.1/ide/modules/ext/commons-logging-1.1.jar:/home/bobi/netbeans-6.9.1/java/modules/ext/hibernate/dom4j-1.6.1.jar:/home/bobi/netbeans-6.9.1/java/modules/ext/hibernate/ehcache-1.2.3.jar:/home/bobi/netbeans-6.9.1/java/modules/ext/hibernate/jdbc2_0-stdext.jar:/home/bobi/netbeans-6.9.1/java/modules/ext/hibernate/jta.jar:/home/bobi/netbeans-6.9.1/java/modules/ext/hibernate/hibernate3.jar:/home/bobi/netbeans-6.9.1/java/modules/ext/hibernate/hibernate-tools.jar:/home/bobi/netbeans-6.9.1/java/modules/ext/hibernate/hibernate-annotations.jar:/home/bobi/netbeans-6.9.1/java/modules/ext/hibernate/hibernate-commons-annotations.jar:/home/bobi/netbeans-6.9.1/java/modules/ext/hibernate/hibernate-entitymanager.jar:/home/bobi/netbeans-6.9.1/java/modules/ext/hibernate/javassist.jar:/home/bobi/netbeans-6.9.1/java/modules/ext/hibernate/ejb3-persistence.jar" />
    <property name="libs.jaxws21.src" value="" />
    <property name="application.title" value="jcollectd" />
    <property name="do.archive" value="true" />
    <property name="libs.swing-app-framework.classpath" value="/home/bobi/netbeans-6.9.1/java/modules/ext/appframework-1.0.3.jar:/home/bobi/netbeans-6.9.1/java/modules/ext/swing-worker-1.1.jar" />
    <property name="netbeans.autoupdate.language" value="fr" />
    <property name="libs.jakarta_slide_ant_webdav.classpath" value="/home/bobi/netbeans-6.9.1/mobility/modules/ext/commons-httpclient-3.0.1.jar:/home/bobi/netbeans-6.9.1/ide/modules/ext/commons-logging-1.1.jar:/home/bobi/netbeans-6.9.1/java/modules/ext/jdom-1.0.jar:/home/bobi/netbeans-6.9.1/mobility/modules/ext/jakarta-slide-webdavlib-2.1.jar:/home/bobi/netbeans-6.9.1/mobility/modules/ext/jakarta-slide-ant-webdav-2.1.jar" />
    <property name="java.vendor" value="Sun Microsystems Inc." />
    <property name="libs.JMUnit4CLDC10.src" value="" />
    <property name="libs.javaee-api-6.0.javadoc" value="/home/bobi/netbeans-6.9.1/enterprise/docs/javaee6-doc-api.zip" />
    <property name="javac.debug" value="false" />
    <property name="javadoc.splitindex" value="true" />
    <property name="file.separator" value="/" />
    <property name="libs.IdentityAntTasks.src" value="" />
    <property name="libs.restlib_gfv3ee6.classpath" value="/home/bobi/glassfish-3.0.1/glassfish/modules/asm-all-repackaged.jar:/home/bobi/glassfish-3.0.1/glassfish/modules/jackson-core-asl.jar:/home/bobi/glassfish-3.0.1/glassfish/modules/jersey-gf-bundle.jar:/home/bobi/glassfish-3.0.1/glassfish/modules/jersey-multipart.jar:/home/bobi/glassfish-3.0.1/glassfish/modules/jettison.jar:/home/bobi/glassfish-3.0.1/glassfish/modules/jsr311-api.jar" />
    <property name="libs.ActiveSync.classpath" value="/home/bobi/netbeans-6.9.1/mobility/modules/ext/nbactivesync-5.0.jar" />
    <property name="libs.junit_4.maven-pom" value="" />
    <property name="javac.test.processorpath" value=":build/classes:/home/bobi/netbeans-6.9.1/java/modules/ext/junit-3.8.2.jar:/home/bobi/netbeans-6.9.1/platform/modules/ext/junit-4.5.jar" />
    <property name="netbeans.buildnumber" value="201011082200" />
    <property name="libs.JWSAntTasks.javadoc" value="" />
    <property name="build.generated.sources.dir" value="build/generated-sources" />
    <property name="libs.Java-EE-GlassFish-v3.wscompile" value="" />
    <property name="sun.java.launcher" value="SUN_STANDARD" />
    <property name="libs.junit.classpath" value="/home/bobi/netbeans-6.9.1/java/modules/ext/junit-3.8.2.jar" />
    <property name="libs.jaxb.javadoc" value="/home/bobi/netbeans-6.9.1/ide/docs/jaxb-api-doc.zip" />
    <property name="libs.struts.classpath" value="/home/bobi/netbeans-6.9.1/enterprise/modules/ext/struts/antlr-2.7.2.jar:/home/bobi/netbeans-6.9.1/enterprise/modules/ext/struts/bsf-2.3.0.jar:/home/bobi/netbeans-6.9.1/enterprise/modules/ext/struts/commons-beanutils-1.7.0.jar:/home/bobi/netbeans-6.9.1/enterprise/modules/ext/struts/commons-chain-1.1.jar:/home/bobi/netbeans-6.9.1/enterprise/modules/ext/struts/commons-digester-1.8.jar:/home/bobi/netbeans-6.9.1/enterprise/modules/ext/struts/commons-fileupload-1.1.1.jar:/home/bobi/netbeans-6.9.1/enterprise/modules/ext/struts/commons-io-1.1.jar:/home/bobi/netbeans-6.9.1/enterprise/modules/ext/struts/commons-logging-1.0.4.jar:/home/bobi/netbeans-6.9.1/enterprise/modules/ext/struts/commons-validator-1.3.1.jar:/home/bobi/netbeans-6.9.1/enterprise/modules/ext/struts/jstl-1.0.2.jar:/home/bobi/netbeans-6.9.1/enterprise/modules/ext/struts/oro-2.0.8.jar:/home/bobi/netbeans-6.9.1/enterprise/modules/ext/struts/standard-1.0.2.jar:/home/bobi/netbeans-6.9.1/enterprise/modules/ext/struts/struts-core-1.3.8.jar:/home/bobi/netbeans-6.9.1/enterprise/modules/ext/struts/struts-el-1.3.8.jar:/home/bobi/netbeans-6.9.1/enterprise/modules/ext/struts/struts-extras-1.3.8.jar:/home/bobi/netbeans-6.9.1/enterprise/modules/ext/struts/struts-faces-1.3.8.jar:/home/bobi/netbeans-6.9.1/enterprise/modules/ext/struts/struts-mailreader-dao-1.3.8.jar:/home/bobi/netbeans-6.9.1/enterprise/modules/ext/struts/struts-scripting-1.3.8.jar:/home/bobi/netbeans-6.9.1/enterprise/modules/ext/struts/struts-taglib-1.3.8.jar:/home/bobi/netbeans-6.9.1/enterprise/modules/ext/struts/struts-tiles-1.3.8.jar" />
    <property name="ant.home" value="/home/bobi/netbeans-6.9.1/java/ant" />
    <property name="libs.junit_4.src" value="/home/bobi/netbeans-6.9.1/java/docs/junit-4.5-src.jar" />
    <property name="libs.ricoh-ant-utils.maven-pom" value="" />
    <property name="libs.absolutelayout.maven-pom" value="" />
    <property name="ant.java.version" value="1.6" />
    <property name="java.library.path" value="/usr/lib/jvm/java-6-sun-1.6.0.24/jre/lib/i386/server:/usr/lib/jvm/java-6-sun-1.6.0.24/jre/lib/i386:/usr/lib/jvm/java-6-sun-1.6.0.24/jre/../lib/i386:/usr/lib/jvm/java-6-sun-1.6.0.24/jre/lib/i386/client:/usr/lib/jvm/java-6-sun-1.6.0.24/jre/lib/i386:/usr/lib/jvm/java-6-sun-1.6.0.24/jre/../lib/i386:/usr/java/packages/lib/i386:/lib:/usr/lib" />
    <property name="javadoc.author" value="false" />
    <property name="libs.metro.maven-pom" value="" />
    <property name="libs.IdentityAntTasks.classpath" value="/home/bobi/netbeans-6.9.1/identity/ant/nblib/org-netbeans-modules-identity-ant.jar:/home/bobi/netbeans-6.9.1/identity/modules/org-netbeans-modules-identity-profile-api.jar" />
    <property name="libs.EclipseLink-GlassFish-v3.src" value="" />
    <property name="java.util.logging.config.class" value="org.netbeans.core.startup.TopLogging" />
    <property name="libs.PostgreSQLDriver.src" value="" />
    <property name="sun.arch.data.model" value="32" />
    <property name="basedir" value="/home/bobi/NetBeansProjects/jcollectd/jcollectd" />
    <property name="libs.ActiveSync.src" value="" />
    <property name="jar.compress" value="false" />
    <property name="libs.NetBeans MIDP Components PDA.src" value="/home/bobi/netbeans-6.9.1/mobility/sources/netbeans_midp_components_pda-src.zip" />
    <property name="libs.jstl11.classpath" value="/home/bobi/netbeans-6.9.1/enterprise/modules/ext/standard.jar:/home/bobi/netbeans-6.9.1/enterprise/modules/ext/jstl.jar" />
    <property name="libs.JasperReports.classpath" value="/home/bobi/netbeans-6.9.1/ireport/modules/ext/castor-1.2.jar:/home/bobi/netbeans-6.9.1/ireport/modules/ext/barbecue-1.5-beta1.jar:/home/bobi/netbeans-6.9.1/ireport/modules/ext/barcode4j-2.0.jar:/home/bobi/netbeans-6.9.1/ireport/modules/ext/ant-1.7.1.jar:/home/bobi/netbeans-6.9.1/ireport/modules/ext/antlr-2.7.6.jar:/home/bobi/netbeans-6.9.1/ireport/modules/ext/asm-attrs.jar:/home/bobi/netbeans-6.9.1/ireport/modules/ext/asm.jar:/home/bobi/netbeans-6.9.1/ireport/modules/ext/barbecue-1.5-beta1.jar:/home/bobi/netbeans-6.9.1/ireport/modules/ext/barcode4j-2.0.jar:/home/bobi/netbeans-6.9.1/ireport/modules/ext/batik-anim.jar:/home/bobi/netbeans-6.9.1/ireport/modules/ext/batik-awt-util.jar:/home/bobi/netbeans-6.9.1/ireport/modules/ext/batik-bridge.jar:/home/bobi/netbeans-6.9.1/ireport/modules/ext/batik-css.jar:/home/bobi/netbeans-6.9.1/ireport/modules/ext/batik-dom.jar:/home/bobi/netbeans-6.9.1/ireport/modules/ext/batik-ext.jar:/home/bobi/netbeans-6.9.1/ireport/modules/ext/batik-gvt.jar:/home/bobi/netbeans-6.9.1/ireport/modules/ext/batik-parser.jar:/home/bobi/netbeans-6.9.1/ireport/modules/ext/batik-script.jar:/home/bobi/netbeans-6.9.1/ireport/modules/ext/batik-svg-dom.jar:/home/bobi/netbeans-6.9.1/ireport/modules/ext/batik-svggen.jar:/home/bobi/netbeans-6.9.1/ireport/modules/ext/batik-util.jar:/home/bobi/netbeans-6.9.1/ireport/modules/ext/batik-xml.jar:/home/bobi/netbeans-6.9.1/ireport/modules/ext/bcel-5.2.jar:/home/bobi/netbeans-6.9.1/ireport/modules/ext/bsh-2.0b4.jar:/home/bobi/netbeans-6.9.1/ireport/modules/ext/castor-1.2.jar:/home/bobi/netbeans-6.9.1/ireport/modules/ext/cglib-2.1.jar:/home/bobi/netbeans-6.9.1/ireport/modules/ext/cincom-jr-xmla.jar:/home/bobi/netbeans-6.9.1/ireport/modules/ext/commons-beanutils-1.8.2.jar:/home/bobi/netbeans-6.9.1/ireport/modules/ext/commons-collections-3.2.1.jar:/home/bobi/netbeans-6.9.1/ireport/modules/ext/commons-dbcp-1.2.2.jar:/home/bobi/netbeans-6.9.1/ireport/modules/ext/commons-digester-1.7.jar:/home/bobi/netbeans-6.9.1/ireport/modules/ext/commons-javaflow-20060411.jar:/home/bobi/netbeans-6.9.1/ireport/modules/ext/commons-logging-1.1.jar:/home/bobi/netbeans-6.9.1/ireport/modules/ext/commons-math-1.0.jar:/home/bobi/netbeans-6.9.1/ireport/modules/ext/commons-pool-1.3.jar:/home/bobi/netbeans-6.9.1/ireport/modules/ext/commons-vfs-1.0.jar:/home/bobi/netbeans-6.9.1/ireport/modules/ext/dom4j-1.6.jar:/home/bobi/netbeans-6.9.1/ireport/modules/ext/ehcache-1.1.jar:/home/bobi/netbeans-6.9.1/ireport/modules/ext/eigenbase-properties-1.1.0.10924.jar:/home/bobi/netbeans-6.9.1/ireport/modules/ext/eigenbase-resgen-1.3.0.11873.jar:/home/bobi/netbeans-6.9.1/ireport/modules/ext/eigenbase-xom-1.3.0.11999.jar:/home/bobi/netbeans-6.9.1/ireport/modules/ext/ejb3-persistence.jar:/home/bobi/netbeans-6.9.1/ireport/modules/ext/groovy-all-1.7.5.jar:/home/bobi/netbeans-6.9.1/ireport/modules/ext/hibernate-annotations.jar:/home/bobi/netbeans-6.9.1/ireport/modules/ext/hibernate-commons-annotations.jar:/home/bobi/netbeans-6.9.1/ireport/modules/ext/hibernate3.jar:/home/bobi/netbeans-6.9.1/ireport/modules/ext/hsqldb-1.8.0-10.jar:/home/bobi/netbeans-6.9.1/ireport/modules/ext/iText-2.1.7.jar:/home/bobi/netbeans-6.9.1/ireport/modules/ext/iTextAsian.jar:/home/bobi/netbeans-6.9.1/ireport/modules/ext/jakarta-bcel-20050813.jar:/home/bobi/netbeans-6.9.1/ireport/modules/ext/jasperreports-4.0.1.jar:/home/bobi/netbeans-6.9.1/ireport/modules/ext/jasperreports-chart-themes-4.0.1.jar:/home/bobi/netbeans-6.9.1/ireport/modules/ext/jasperreports-extensions-3.5.3.jar:/home/bobi/netbeans-6.9.1/ireport/modules/ext/jasperreports-fonts-4.0.1.jar:/home/bobi/netbeans-6.9.1/ireport/modules/ext/javacup.jar:/home/bobi/netbeans-6.9.1/ireport/modules/ext/javassist-3.4.GA.jar:/home/bobi/netbeans-6.9.1/ireport/modules/ext/jaxen-1.1.1.jar:/home/bobi/netbeans-6.9.1/ireport/modules/ext/jcommon-1.0.15.jar:/home/bobi/netbeans-6.9.1/ireport/modules/ext/jdt-compiler-3.1.1.jar:/home/bobi/netbeans-6.9.1/ireport/modules/ext/jfreechart-1.0.12.jar:/home/bobi/netbeans-6.9.1/ireport/modules/ext/jpa.jar:/home/bobi/netbeans-6.9.1/ireport/modules/ext/js_activation-1.1.jar:/home/bobi/netbeans-6.9.1/ireport/modules/ext/js_axis-1.4patched.jar:/home/bobi/netbeans-6.9.1/ireport/modules/ext/js_commons-codec-1.3.jar:/home/bobi/netbeans-6.9.1/ireport/modules/ext/js_commons-discovery-0.2.jar:/home/bobi/netbeans-6.9.1/ireport/modules/ext/js_commons-httpclient-3.1.jar:/home/bobi/netbeans-6.9.1/ireport/modules/ext/js_jasperserver-common-ws-3.5.0.jar:/home/bobi/netbeans-6.9.1/ireport/modules/ext/js_jaxrpc.jar:/home/bobi/netbeans-6.9.1/ireport/modules/ext/js_mail-1.4.jar:/home/bobi/netbeans-6.9.1/ireport/modules/ext/js_saaj-api-1.3.jar:/home/bobi/netbeans-6.9.1/ireport/modules/ext/js_wsdl4j-1.5.1.jar:/home/bobi/netbeans-6.9.1/ireport/modules/ext/jta.jar:/home/bobi/netbeans-6.9.1/ireport/modules/ext/jxl-2.6.10.jar:/home/bobi/netbeans-6.9.1/ireport/modules/ext/log4j-1.2.15.jar:/home/bobi/netbeans-6.9.1/ireport/modules/ext/mondrian-3.1.1.12687-Jaspersoft.jar:/home/bobi/netbeans-6.9.1/ireport/modules/ext/olap4j-0.9.7.145.jar:/home/bobi/netbeans-6.9.1/ireport/modules/ext/png-encoder-1.5.jar:/home/bobi/netbeans-6.9.1/ireport/modules/ext/poi-3.6.jar:/home/bobi/netbeans-6.9.1/ireport/modules/ext/rex-20080421.jar:/home/bobi/netbeans-6.9.1/ireport/modules/ext/rhino-1.7R1.jar:/home/bobi/netbeans-6.9.1/ireport/modules/ext/saaj-api-1.3.jar:/home/bobi/netbeans-6.9.1/ireport/modules/ext/slf4j-api.jar:/home/bobi/netbeans-6.9.1/ireport/modules/ext/slf4j-log4j12.jar:/home/bobi/netbeans-6.9.1/ireport/modules/ext/spring.jar:/home/bobi/netbeans-6.9.1/ireport/modules/ext/sqleonardo-2009.03.rc1.jar:/home/bobi/netbeans-6.9.1/ireport/modules/ext/swingx-2007_10_07.jar:/home/bobi/netbeans-6.9.1/ireport/modules/ext/xml-apis-ext.jar:/home/bobi/netbeans-6.9.1/ireport/modules/ext/xml-apis.jar:/home/bobi/netbeans-6.9.1/ireport/modules/com-jaspersoft-ireport-components.jar:/home/bobi/netbeans-6.9.1/ireport/modules/com-jaspersoft-ireport-jasperserver.jar:/home/bobi/netbeans-6.9.1/ireport/modules/com-jaspersoft-ireport.jar:/home/bobi/netbeans-6.9.1/ireport/modules/com-jaspersoft-jrx.jar" />
    <property name="path.separator" value=":" />
    <property name="libs.javaee-web-api-6.0.javadoc" value="/home/bobi/netbeans-6.9.1/enterprise/docs/javaee6-doc-api.zip" />
    <property name="sun.io.unicode.encoding" value="UnicodeLittle" />
    <property name="libs.semc-ant-utils.javadoc" value="" />
    <property name="libs.jaxws21.classpath" value="/home/bobi/netbeans-6.9.1/ide/modules/ext/jaxb/jaxb-impl.jar:/home/bobi/netbeans-6.9.1/ide/modules/ext/jaxb/jaxb-xjc.jar:/home/bobi/netbeans-6.9.1/java/modules/ext/jaxws22/FastInfoset.jar:/home/bobi/netbeans-6.9.1/java/modules/ext/jaxws22/gmbal-api-only.jar:/home/bobi/netbeans-6.9.1/java/modules/ext/jaxws22/http.jar:/home/bobi/netbeans-6.9.1/java/modules/ext/jaxws22/jaxws-rt.jar:/home/bobi/netbeans-6.9.1/java/modules/ext/jaxws22/jaxws-tools.jar:/home/bobi/netbeans-6.9.1/java/modules/ext/jaxws22/management-api.jar:/home/bobi/netbeans-6.9.1/java/modules/ext/jaxws22/mimepull.jar:/home/bobi/netbeans-6.9.1/java/modules/ext/jaxws22/policy.jar:/home/bobi/netbeans-6.9.1/java/modules/ext/jaxws22/saaj-impl.jar:/home/bobi/netbeans-6.9.1/java/modules/ext/jaxws22/stax-ex.jar:/home/bobi/netbeans-6.9.1/java/modules/ext/jaxws22/streambuffer.jar:/home/bobi/netbeans-6.9.1/java/modules/ext/jaxws22/woodstox.jar:/home/bobi/netbeans-6.9.1/java/modules/ext/jaxws22/api/jaxws-api.jar:/home/bobi/netbeans-6.9.1/java/modules/ext/jaxws22/api/jsr181-api.jar:/home/bobi/netbeans-6.9.1/java/modules/ext/jaxws22/api/jsr250-api.jar:/home/bobi/netbeans-6.9.1/java/modules/ext/jaxws22/api/saaj-api.jar:/home/bobi/netbeans-6.9.1/ide/modules/ext/jaxb/activation.jar:/home/bobi/netbeans-6.9.1/ide/modules/ext/jaxb/api/jaxb-api.jar:/home/bobi/netbeans-6.9.1/ide/modules/ext/jaxb/api/jsr173_api.jar" />
    <property name="libs.struts.src" value="" />
    <property name="compile.on.save" value="true" />
    <property name="apple.awt.graphics.UseQuartz" value="true" />
    <property name="user.language" value="fr" />
    <property name="libs.spring-framework.classpath" value="/home/bobi/netbeans-6.9.1/ide/modules/ext/commons-logging-1.1.jar:/home/bobi/netbeans-6.9.1/java/modules/ext/cglib-2.2.jar:/home/bobi/netbeans-6.9.1/java/modules/ext/spring/spring-2.5.6.SEC01.jar" />
    <property name="libs.eclipselink.maven-pom" value="" />
    <property name="application.vendor" value="bobi" />
    <property name="libs.spring-framework300.maven-pom" value="" />
    <property name="run.test.classpath" value=":build/classes:/home/bobi/netbeans-6.9.1/java/modules/ext/junit-3.8.2.jar:/home/bobi/netbeans-6.9.1/platform/modules/ext/junit-4.5.jar:build/test/classes" />
    <property name="ant.project.invoked-targets" value="test" />
    <property name="useJavaUtilZip" value="true" />
    <property name="libs.swing-layout.javadoc" value="/home/bobi/netbeans-6.9.1/platform/docs/swing-layout-1.0.4-doc.zip" />
    <property name="libs.swing-app-framework.javadoc" value="/home/bobi/netbeans-6.9.1/java/docs/appframework-1.0.3-doc.zip" />
    <property name="libs.ejb3-persistence.maven-pom" value="" />
    <property name="libs.proguard.classpath" value="/home/bobi/netbeans-6.9.1/mobility/external/proguard/proguard4.4.jar" />
    <property name="libs.DataBindingME-SVG.classpath" value="/home/bobi/netbeans-6.9.1/mobility/modules/ext/netbeans_databindingme_svg.jar" />
    <property name="https.nonProxyHosts" value="localhost|127.0.0.1|Bobi" />
    <property name="libs.PostgreSQLDriver.maven-pom" value="" />
    <property name="java.class.version" value="50.0" />
    <property name="libs.javaee-endorsed-api-6.0.src" value="" />
    <property name="libs.cdc-ant-utils.classpath" value="/home/bobi/netbeans-6.9.1/mobility/modules/ext/org-netbeans-modules-j2me-cdc-project.jar" />
    <property name="netbeans.system_http_proxy" value="DIRECT" />
    <property name="libs.eclipselink.javadoc" value="/home/bobi/netbeans-6.9.1/enterprise/docs/javaee6-doc-api.zip" />
    <property name="libs.NetBeans MIDP Components WMA.maven-pom" value="" />
    <property name="libs.jsp-compilation.maven-pom" value="" />
    <property name="user.properties.file" value="/home/bobi/.netbeans/6.9/build.properties" />
    <property name="auxiliary.org-netbeans-modules-projectimport-eclipse-core.key" value="src=src/main/java;src=src/test/java;output=target/classes;" />
    <property name="runtime.encoding" value="UTF-8" />
    <property name="libs.spring-framework.src" value="" />
    <property name="libs.javac-api.maven-pom" value="" />
    <property name="file.encoding.pkg" value="sun.io" />
    <property name="sun.cpu.endian" value="little" />
    <property name="libs.JWSAntTasks.classpath" value="/home/bobi/netbeans-6.9.1/java/ant/extra/org-netbeans-modules-javawebstart-anttasks.jar" />
    <property name="libs.spring-framework300.src" value="" />
    <property name="libs.ant-contrib.classpath" value="/home/bobi/netbeans-6.9.1/mobility/modules/ext/ant-contrib-1.0b3.jar" />
    <property name="empty.dir" value="/home/bobi/NetBeansProjects/jcollectd/jcollectd/build/empty" />
    <property name="version-output" value="java version &quot;1.6" />
    <property name="javadoc.preview" value="true" />
    <property name="nbplatform.default.harness.dir" value="/home/bobi/netbeans-6.9.1/harness" />
    <property name="java.home" value="/usr/lib/jvm/java-6-sun-1.6.0.24/jre" />
    <property name="libs.ojec-ant-utils.javadoc" value="" />
    <property name="libs.jsp-compilation.src" value="" />
    <property name="libs.ricoh-ant-utils.src" value="" />
    <property name="libs.spring-webmvc.src" value="" />
    <property name="libs.ant-contrib.javadoc" value="" />
    <property name="ant.file.type.jcollectd-impl" value="file" />
    <property name="debug.test.classpath" value=":build/classes:/home/bobi/netbeans-6.9.1/java/modules/ext/junit-3.8.2.jar:/home/bobi/netbeans-6.9.1/platform/modules/ext/junit-4.5.jar:build/test/classes" />
    <property name="libs.javaee-endorsed-api-6.0.classpath" value="/home/bobi/netbeans-6.9.1/enterprise/modules/ext/javaee6-endorsed/javax.annotation.jar:/home/bobi/netbeans-6.9.1/enterprise/modules/ext/javaee6-endorsed/jaxb-api-osgi.jar:/home/bobi/netbeans-6.9.1/enterprise/modules/ext/javaee6-endorsed/webservices-api-osgi.jar" />
    <property name="libs.javaee-api-6.0.src" value="" />
    <property name="netbeans.importclass" value="org.netbeans.upgrade.AutoUpgrade" />
    <property name="ant.project.default-target" value="default" />
    <property name="annotation.processing.run.all.processors" value="true" />
    <property name="libs.savaje-ant-utils.classpath" value="/home/bobi/netbeans-6.9.1/mobility/modules/ext/org-netbeans-modules-j2me-cdc-project-savaje.jar" />
    <property name="libs.toplink.maven-pom" value="" />
    <property name="jar.archive.disabled" value="false" />
    <property name="libs.DataBindingME.maven-pom" value="" />
    <property name="libs.PostgreSQLDriver.javadoc" value="" />
    <property name="libs.restlib.classpath" value="/home/bobi/netbeans-6.9.1/enterprise/modules/ext/rest/asm-3.1.jar:/home/bobi/netbeans-6.9.1/enterprise/modules/ext/rest/jackson-core-asl-1.1.1.jar:/home/bobi/netbeans-6.9.1/enterprise/modules/ext/rest/jersey-client-1.1.5.1.jar:/home/bobi/netbeans-6.9.1/enterprise/modules/ext/rest/jersey-core-1.1.5.1.jar:/home/bobi/netbeans-6.9.1/enterprise/modules/ext/rest/jersey-json-1.1.5.1.jar:/home/bobi/netbeans-6.9.1/enterprise/modules/ext/rest/jersey-server-1.1.5.1.jar:/home/bobi/netbeans-6.9.1/enterprise/modules/ext/rest/jersey-spring-1.1.5.1.jar:/home/bobi/netbeans-6.9.1/enterprise/modules/ext/rest/jettison-1.1.jar:/home/bobi/netbeans-6.9.1/enterprise/modules/ext/rest/oauth-client-1.1.5.1.jar:/home/bobi/netbeans-6.9.1/enterprise/modules/ext/rest/oauth-signature-1.1.5.1.jar:/home/bobi/netbeans-6.9.1/ide/modules/ext/jaxb/activation.jar:/home/bobi/netbeans-6.9.1/ide/modules/ext/jaxb/api/jaxb-api.jar:/home/bobi/netbeans-6.9.1/ide/modules/ext/jaxb/api/jsr173_api.jar" />
    <property name="libs.JMUnit4CLDC11.javadoc" value="/home/bobi/netbeans-6.9.1/mobility/modules/docs/jmunit-1.2.1-api.zip" />
    <property name="libs.nsicom-ant-utils.maven-pom" value="" />
    <property name="libs.MySQLDriver.maven-pom" value="" />
    <property name="libs.savaje-ant-utils.src" value="" />
    <property name="http.nonProxyHosts" value="localhost|127.0.0.1|Bobi" />
    <property name="libs.junit_4.javadoc" value="/home/bobi/netbeans-6.9.1/java/docs/junit-4.5-api.zip" />
    <property name="libs.spring-webmvc.javadoc" value="" />
    <property name="libs.toplink.src" value="" />
    <property name="libs.EclipseLink-GlassFish-v3.maven-pom" value="" />
    <property name="libs.javaee-web-api-6.0.maven-pom" value="" />
    <property name="libs.cdc-pp-awt-layout.classpath" value="/home/bobi/netbeans-6.9.1/mobility/modules/ext/cdc-pp-awt-layout.jar" />
    <property name="libs.cdc-agui-swing-layout.src" value="/home/bobi/netbeans-6.9.1/mobility/sources/cdc-agui-swing-layout-src.zip" />
    <property name="run.classpath" value=":build/classes" />
    <property name="libs.hibernate-support.src" value="" />
    <property name="libs.javaee-endorsed-api-6.0.javadoc" value="/home/bobi/netbeans-6.9.1/enterprise/docs/javaee6-doc-api.zip" />
    <property name="libs.JMUnit4CLDC11.classpath" value="/home/bobi/netbeans-6.9.1/mobility/modules/ext/jmunit4cldc11-1.2.1.jar" />
    <property name="libs.nb_svg_midp_components.classpath" value="/home/bobi/netbeans-6.9.1/mobility/modules/ext/nb_svg_midp_components.jar" />
    <property name="libs.spring-webmvc3.0.javadoc" value="" />
    <property name="annotation.processing.enabled.in.editor" value="false" />
    <property name="auxiliary.org-netbeans-modules-projectimport-eclipse-core.project" value="/home/bobi/agarnier/jcollectd" />
    <property name="libs.NetBeans MIDP Components PDA.classpath" value="/home/bobi/netbeans-6.9.1/mobility/modules/ext/netbeans_midp_components_pda.jar" />
    <property name="libs.semc-ant-utils.maven-pom" value="" />
    <property name="libs.nokiadeployment.maven-pom" value="" />
    <property name="libs.restapi.src" value="" />
    <property name="libs.NetBeans MIDP Components.javadoc" value="/home/bobi/netbeans-6.9.1/mobility/modules/docs/netbeans_midp_components_basic-api.zip" />
    <property name="sun.management.compiler" value="HotSpot Tiered Compilers" />
    <property name="javac.deprecation" value="false" />
    <property name="javadoc.use" value="true" />
    <property name="jna.boot.library.path" value="/home/bobi/.netbeans/6.9/var/cache/jna" />
    <property name="sun.java2d.noddraw" value="true" />
    <property name="libs.jsp-compiler.classpath" value="/home/bobi/netbeans-6.9.1/enterprise/ant/extra/jspcompile.jar" />
    <property name="javac.processorpath" value="" />
    <property name="maven.mode.standalone" value="true" />
    <property name="libs.spring-webmvc.classpath" value="/home/bobi/netbeans-6.9.1/enterprise/modules/ext/spring/spring-webmvc-2.5.6.SEC01.jar" />
    <property name="javac.compilerargs" value="" />
    <property name="ant.file" value="/home/bobi/NetBeansProjects/jcollectd/jcollectd/build.xml" />
    <property name="libs.beans-binding.maven-pom" value="" />
    <property name="jnlp.codebase.type" value="no.codebase" />
    <property name="libs.jsf12.classpath" value="/home/bobi/netbeans-6.9.1/enterprise/modules/ext/jsf-1_2/commons-beanutils.jar:/home/bobi/netbeans-6.9.1/enterprise/modules/ext/jsf-1_2/commons-collections.jar:/home/bobi/netbeans-6.9.1/enterprise/modules/ext/jsf-1_2/commons-digester.jar:/home/bobi/netbeans-6.9.1/enterprise/modules/ext/jsf-1_2/commons-logging.jar:/home/bobi/netbeans-6.9.1/enterprise/modules/ext/jsf-1_2/jsf-api.jar:/home/bobi/netbeans-6.9.1/enterprise/modules/ext/jsf-1_2/jsf-impl.jar" />
    <property name="sun.awt.exception.handler" value="org.netbeans.core.startup.TopLogging$AWTHandler" />
    <property name="libs.restapi.maven-pom" value="" />
    <property name="libs.beans-binding.src" value="" />
    <property name="libs.NetBeans MIDP Components PDA.javadoc" value="/home/bobi/netbeans-6.9.1/mobility/modules/docs/netbeans_midp_components_pda-api.zip" />
    <property name="java.vm.specification.vendor" value="Sun Microsystems Inc." />
    <property name="libs.DataBindingME-PIM.javadoc" value="/home/bobi/netbeans-6.9.1/mobility/modules/docs/netbeans_databindingme_pim-api.zip" />
    <property name="libs.swing-layout.src" value="/home/bobi/netbeans-6.9.1/platform/docs/swing-layout-1.0.4-src.zip" />
    <property name="libs.Java-EE-GlassFish-v3.embedabbleejb" value="" />
    <property name="libs.j2me_ant_ext.src" value="" />
    <property name="org.openide.major.version" value="IDE/1" />
    <property name="java.vm.name" value="Java HotSpot(TM) Server VM" />
    <property name="netbeans.user" value="/home/bobi/.netbeans/6.9" />
    <property name="tests.failed" value="true" />
    <property name="javadoc.additionalparam" value="" />
    <property name="jnlp.offline-allowed" value="false" />
    <property name="libs.ricoh-ant-utils.classpath" value="/home/bobi/netbeans-6.9.1/mobility/modules/ext/org-netbeans-modules-j2me-cdc-project-ricoh.jar:/home/bobi/netbeans-6.9.1/mobility/modules/ext/RicohAntTasks-2.0.jar:/home/bobi/netbeans-6.9.1/mobility/modules/ext/commons-httpclient-3.0.jar:/home/bobi/netbeans-6.9.1/ide/modules/ext/commons-logging-1.1.jar:/home/bobi/netbeans-6.9.1/mobility/modules/ext/commons-codec-1.3.jar" />
    <property name="java.io.tmpdir" value="/tmp" />
    <property name="java.vendor.url" value="http://java.sun.com/" />
    <property name="endorsed.classpath.cmd.line.arg" value="" />
    <property name="libs.jsp-compiler.src" value="" />
    <property name="sun.boot.library.path" value="/usr/lib/jvm/java-6-sun-1.6.0.24/jre/lib/i386" />
    <property name="have.sources" value="true" />
    <property name="debug.classpath" value=":build/classes" />
    <property name="javadoc.private" value="false" />
    <property name="test.src.dir" value="../../../agarnier/jcollectd/src/test/java" />
    <property name="libs.jsf20.classpath" value="/home/bobi/netbeans-6.9.1/enterprise/modules/ext/jsf-2_0/jsf-api.jar:/home/bobi/netbeans-6.9.1/enterprise/modules/ext/jsf-2_0/jsf-impl.jar" />
    <property name="ap.processors.internal" value="" />
    <property name="meta.inf.dir" value="../../../agarnier/jcollectd/src/main/java/META-INF" />
    <property name="javadoc.encoding.used" value="UTF-8" />
    <property name="libs.DataBindingME-SVG.src" value="" />
    <property name="dist.jar" value="dist/jcollectd.jar" />
    <property name="java.runtime.name" value="Java(TM) SE Runtime Environment" />
    <property name="ant.project.name" value="jcollectd" />
    <property name="netbeans.hash.code" value="unique=NB_GFMOD_GROOVY_JAVA_MOB_WEBEE0ab506c30-f960-4cc3-9ebe-2a5d73f616eb_eab8129c-7f25-40c9-ba5c-070cf9a9246f" />
    <property name="sun.cpu.isalist" value="" />
    <property name="libs.j2me_ant_ext.maven-pom" value="" />
    <property name="libs.CopyLibs.javadoc" value="" />
    <property name="libs.ActiveSync.javadoc" value="" />
    <property name="org.openide.specification.version" value="6.2" />
    <property name="libs.hibernate-support.classpath" value="/home/bobi/netbeans-6.9.1/java/modules/ext/hibernate/antlr-2.7.6.jar:/home/bobi/netbeans-6.9.1/java/modules/ext/hibernate/asm.jar:/home/bobi/netbeans-6.9.1/java/modules/ext/hibernate/asm-attrs.jar:/home/bobi/netbeans-6.9.1/java/modules/ext/hibernate/cglib-2.1.3.jar:/home/bobi/netbeans-6.9.1/java/modules/ext/hibernate/commons-collections-2.1.1.jar:/home/bobi/netbeans-6.9.1/ide/modules/ext/commons-logging-1.1.jar:/home/bobi/netbeans-6.9.1/java/modules/ext/hibernate/dom4j-1.6.1.jar:/home/bobi/netbeans-6.9.1/java/modules/ext/hibernate/ehcache-1.2.3.jar:/home/bobi/netbeans-6.9.1/java/modules/ext/hibernate/jdbc2_0-stdext.jar:/home/bobi/netbeans-6.9.1/java/modules/ext/hibernate/jta.jar:/home/bobi/netbeans-6.9.1/java/modules/ext/hibernate/hibernate3.jar:/home/bobi/netbeans-6.9.1/java/modules/ext/hibernate/hibernate-tools.jar:/home/bobi/netbeans-6.9.1/java/modules/ext/hibernate/hibernate-annotations.jar:/home/bobi/netbeans-6.9.1/java/modules/ext/hibernate/hibernate-commons-annotations.jar:/home/bobi/netbeans-6.9.1/java/modules/ext/hibernate/hibernate-entitymanager.jar:/home/bobi/netbeans-6.9.1/java/modules/ext/hibernate/javassist.jar" />
    <property name="libs.DataBindingME-PIM.classpath" value="/home/bobi/netbeans-6.9.1/mobility/modules/ext/netbeans_databindingme_pim.jar" />
    <property name="user.home" value="/home/bobi" />
    <property name="annotation.processing.processors.list" value="" />
    <property name="debug-args-line" value="-Xdebug" />
    <property name="libs.NetBeans MIDP Components.classpath" value="/home/bobi/netbeans-6.9.1/mobility/modules/ext/netbeans_midp_components_basic.jar" />
    <property name="libs.javaee-api-6.0.maven-pom" value="" />
    <property name="libs.JWSAntTasks.src" value="" />
    <property name="jar.index" value="false" />
    <property name="libs.CopyLibs.maven-pom" value="" />
    <property name="libs.absolutelayout.javadoc" value="" />
    <property name="libs.hibernate-persistence.maven-pom" value="" />
    <property name="libs.spring-framework300.javadoc" value="" />
    <property name="java.specification.name" value="Java Platform API Specification" />
    <property name="libs.swing-app-framework.maven-pom" value="" />
    <property name="libs.NetBeans MIDP Components WMA.classpath" value="/home/bobi/netbeans-6.9.1/mobility/modules/ext/netbeans_midp_components_wma.jar" />
    <property name="libs.jakarta_slide_ant_webdav.maven-pom" value="" />
    <property name="jnlp.mixed.code" value="defaut" />
    <property name="libs.sjmc-ant-utils.src" value="" />
    <property name="libs.cdc-agui-swing-layout.javadoc" value="" />
    <property name="java.specification.vendor" value="Sun Microsystems Inc." />
    <property name="libs.javac-api.classpath" value="/home/bobi/netbeans-6.9.1/java/modules/ext/javac-api-nb-7.0-b07.jar" />
    <property name="libs.nokiaS80-ant-utils.classpath" value="/home/bobi/netbeans-6.9.1/mobility/modules/ext/org-netbeans-modules-j2me-cdc-project-nokiaS80.jar" />
    <property name="java.version" value="1.6.0_24" />
    <property name="libs.NetBeans MIDP Components WMA.javadoc" value="/home/bobi/netbeans-6.9.1/mobility/modules/docs/netbeans_midp_components_wma-api.zip" />
    <property name="javadoc.version" value="false" />
    <property name="libs.MySQLDriver.javadoc" value="" />
    <property name="org.openide.version" value="deprecated" />
    <property name="libs.restlib_gfv3ee6.maven-pom" value="" />
    <property name="libs.ActiveSync.maven-pom" value="" />
    <property name="source.encoding" value="UTF-8" />
    <property name="ap.cmd.line.internal" value="" />
    <property name="libs.junit.maven-pom" value="" />
    <property name="libs.metro.javadoc" value="/home/bobi/netbeans-6.9.1/enterprise/docs/metro-1.4-doc.zip" />
    <property name="libs.struts.maven-pom" value="" />
    <property name="netbeans.home+have.tests" value="true" />
    <property name="annotation.processing.processor.options" value="" />
    <property name="libs.jaxb.src" value="" />
    <property name="libs.IdentityAntTasks.maven-pom" value="" />
    <property name="libs.Java-EE-GlassFish-v3.wsgenerate" value="" />
    <property name="libs.cdc-ant-utils.src" value="" />
    <property name="work.dir" value="/home/bobi/NetBeansProjects/jcollectd/jcollectd" />
    <property name="libs.jaxb.classpath" value="/home/bobi/netbeans-6.9.1/ide/modules/ext/jaxb/jaxb-impl.jar:/home/bobi/netbeans-6.9.1/ide/modules/ext/jaxb/jaxb-xjc.jar:/home/bobi/netbeans-6.9.1/ide/modules/ext/jaxb/jaxb1-impl.jar:/home/bobi/netbeans-6.9.1/ide/modules/ext/jaxb/activation.jar:/home/bobi/netbeans-6.9.1/ide/modules/ext/jaxb/api/jaxb-api.jar:/home/bobi/netbeans-6.9.1/ide/modules/ext/jaxb/api/jsr173_api.jar" />
    <property name="do.depend" value="false" />
    <property name="dist.javadoc.dir" value="dist/javadoc" />
    <property name="libs.spring-webmvc3.0.classpath" value="/home/bobi/netbeans-6.9.1/java/modules/ext/spring-3.0/spring-webmvc-3.0.2.RELEASE.jar" />
    <property name="libs.swing-layout.classpath" value="/home/bobi/netbeans-6.9.1/platform/modules/ext/swing-layout-1.0.4.jar" />
    <property name="libs.restlib.src" value="" />
    <property name="javac.source" value="1.6" />
    <property name="libs.JasperReports.maven-pom" value="" />
    <property name="build.generated.dir" value="build/generated" />
    <property name="libs.proguard.src" value="" />
    <property name="libs.hibernate-persistence.src" value="" />
    <property name="line.separator" value="
" />
    <property name="libs.nb_svg_midp_components.javadoc" value="/home/bobi/netbeans-6.9.1/mobility/modules/docs/nb_svg_midp_components-api.zip" />
    <property name="java.specification.version" value="1.6" />
    <property name="java.vm.info" value="mixed mode" />
    <property name="libs.jaxws21.maven-pom" value="" />
    <property name="libs.cdc-ant-utils.javadoc" value="" />
    <property name="libs.ojec-ant-utils.classpath" value="/home/bobi/netbeans-6.9.1/mobility/modules/ext/org-netbeans-modules-j2me-cdc-project-ojec.jar" />
    <property name="libs.spring-framework.maven-pom" value="" />
    <property name="sun.boot.class.path" value="/usr/lib/jvm/java-6-sun-1.6.0.24/jre/lib/resources.jar:/usr/lib/jvm/java-6-sun-1.6.0.24/jre/lib/rt.jar:/usr/lib/jvm/java-6-sun-1.6.0.24/jre/lib/sunrsasign.jar:/usr/lib/jvm/java-6-sun-1.6.0.24/jre/lib/jsse.jar:/usr/lib/jvm/java-6-sun-1.6.0.24/jre/lib/jce.jar:/usr/lib/jvm/java-6-sun-1.6.0.24/jre/lib/charsets.jar:/usr/lib/jvm/java-6-sun-1.6.0.24/jre/lib/modules/jdk.boot.jar:/usr/lib/jvm/java-6-sun-1.6.0.24/jre/classes" />
    <property name="javac.target" value="1.6" />
    <property name="built-jar.properties" value="/home/bobi/NetBeansProjects/jcollectd/jcollectd/build/built-jar.properties" />
    <property name="build.test.classes.dir" value="build/test/classes" />
    <property name="libs.ZK5.0.5CE.maven-pom" value="" />
    <property name="src.dir" value="../../../agarnier/jcollectd/src/main/java" />
    <property name="libs.IdentityAntTasks.javadoc" value="" />
    <property name="annotation.processing.enabled" value="true" />
    <property name="libs.jsf20.src" value="" />
    <property name="libs.proguard.maven-pom" value="" />
    <property name="libs.jsf12.src" value="" />
    <property name="libs.DataBindingME-SVG.maven-pom" value="" />
    <property name="libs.nokiadeployment.src" value="" />
    <property name="libs.savaje-ant-utils.javadoc" value="" />
    <property name="nbplatform.default.netbeans.dest.dir" value="/home/bobi/netbeans-6.9.1" />
    <property name="libs.struts.javadoc" value="/home/bobi/netbeans-6.9.1/enterprise/docs/struts-1.3.8-javadoc.zip" />
    <property name="libs.Comet-GlassFish-v3.classpath" value="/home/bobi/glassfish-3.0.1/glassfish/modules/grizzly-comet.jar" />
    <property name="libs.cdc-ant-utils.maven-pom" value="" />
    <property name="libs.restlib_gfv3ee6.javadoc" value="/home/bobi/netbeans-6.9.1/enterprise/docs/jsr311-api-1.1.1-javadoc.zip" />
    <property name="libs.cdc-agui-swing-layout.classpath" value="/home/bobi/netbeans-6.9.1/mobility/modules/ext/cdc-agui-swing-layout.jar" />
    <property name="dist.dir" value="dist" />
    <property name="libs.groovy-all.javadoc" value="" />
    <property name="javac.fork" value="false" />
    <property name="libs.sjmc-ant-utils.classpath" value="/home/bobi/netbeans-6.9.1/mobility/modules/ext/org-netbeans-modules-j2me-cdc-project-sjmc.jar" />
    <property name="libs.groovy-all.classpath" value="/home/bobi/netbeans-6.9.1/groovy/modules/ext/groovy-all.jar" />
    <property name="libs.JMUnit4CLDC10.classpath" value="/home/bobi/netbeans-6.9.1/mobility/modules/ext/jmunit4cldc10-1.2.1.jar" />
    <property name="java.awt.printerjob" value="sun.print.PSPrinterJob" />
    <property name="default.javac.source" value="1.6" />
    <property name="debug-transport-by-os" value="dt_socket" />
    <property name="sun.jnu.encoding" value="UTF-8" />
    <property name="libs.MySQLDriver.src" value="" />
    <property name="libs.ant-contrib.maven-pom" value="" />
    <property name="libs.nokiadeployment.javadoc" value="" />
    <property name="java.runtime.version" value="1.6.0_24-b07" />
    <property name="build.test.results.dir" value="build/test/results" />
    <property name="libs.ejb3-persistence.javadoc" value="" />
    <property name="libs.NetBeans MIDP Components.src" value="/home/bobi/netbeans-6.9.1/mobility/sources/netbeans_midp_components_basic-src.zip" />
    <property name="jna.platform.library.path" value="/usr/lib:/lib" />
    <property name="libs.sjmc-ant-utils.javadoc" value="" />
    <property name="default.javac.target" value="1.6" />
    <property name="libs.junit_4.classpath" value="/home/bobi/netbeans-6.9.1/platform/modules/ext/junit-4.5.jar" />
    <property name="libs.Java-EE-GlassFish-v3.src" value="" />
    <property name="user.timezone" value="" />
    <property name="do.jar" value="true" />
    <property name="libs.ant-contrib.src" value="" />
    <property name="libs.javaee-endorsed-api-6.0.maven-pom" value="" />
    <property name="netbeans.dirs" value="/home/bobi/netbeans-6.9.1/nb:/home/bobi/netbeans-6.9.1/ide:/home/bobi/netbeans-6.9.1/java:/home/bobi/netbeans-6.9.1/ergonomics:/home/bobi/netbeans-6.9.1/bin/../xml:/home/bobi/netbeans-6.9.1/apisupport:/home/bobi/netbeans-6.9.1/bin/../webcommon:/home/bobi/netbeans-6.9.1/websvccommon:/home/bobi/netbeans-6.9.1/enterprise:/home/bobi/netbeans-6.9.1/mobility:/home/bobi/netbeans-6.9.1/profiler:/home/bobi/netbeans-6.9.1/bin/../ruby:/home/bobi/netbeans-6.9.1/bin/../python:/home/bobi/netbeans-6.9.1/bin/../php:/home/bobi/netbeans-6.9.1/bin/../visualweb:/home/bobi/netbeans-6.9.1/bin/../soa:/home/bobi/netbeans-6.9.1/identity:/home/bobi/netbeans-6.9.1/bin/../uml:/home/bobi/netbeans-6.9.1/harness:/home/bobi/netbeans-6.9.1/bin/../cnd:/home/bobi/netbeans-6.9.1/dlight:/home/bobi/netbeans-6.9.1/groovy:/home/bobi/netbeans-6.9.1/bin/../extra:/home/bobi/netbeans-6.9.1/bin/../javafx:/home/bobi/netbeans-6.9.1/bin/../javacard:/home/bobi/netbeans-6.9.1/ireport:" />
    <property name="libs.jsf20.javadoc" value="/home/bobi/netbeans-6.9.1/enterprise/docs/javaee6-doc-api.zip" />
    <property name="libs.restlib_gfv3ee6.src" value="" />
    <property name="java.ext.dirs" value="/usr/lib/jvm/java-6-sun-1.6.0.24/jre/lib/ext:/usr/java/packages/lib/ext" />
    <property name="libs.metro.src" value="" />
    <property name="libs.savaje-ant-utils.maven-pom" value="" />
    <property name="endorsed.classpath" value="" />
    <property name="libs.semc-ant-utils.src" value="" />
    <property name="libs.absolutelayout.classpath" value="/home/bobi/netbeans-6.9.1/java/modules/ext/AbsoluteLayout.jar" />
    <property name="excludes" value="" />
    <property name="libs.metro.classpath" value="/home/bobi/netbeans-6.9.1/ide/modules/ext/jaxb/activation.jar:/home/bobi/netbeans-6.9.1/enterprise/modules/ext/metro/webservices-api.jar:/home/bobi/netbeans-6.9.1/enterprise/modules/ext/metro/webservices-extra-api.jar:/home/bobi/netbeans-6.9.1/enterprise/modules/ext/metro/webservices-extra.jar:/home/bobi/netbeans-6.9.1/enterprise/modules/ext/metro/webservices-rt.jar:/home/bobi/netbeans-6.9.1/enterprise/modules/ext/metro/webservices-tools.jar" />
    <property name="libs.restlib.maven-pom" value="" />
    <property name="libs.DataBindingME.javadoc" value="/home/bobi/netbeans-6.9.1/mobility/modules/docs/netbeans_databindingme-api.zip" />
    <property name="apple.laf.useScreenMenuBar" value="true" />
    <property name="java.class.path" value="/home/bobi/NetBeansProjects/jcollectd/jcollectd/build/classes:/home/bobi/netbeans-6.9.1/java/modules/ext/junit-3.8.2.jar:/home/bobi/netbeans-6.9.1/platform/modules/ext/junit-4.5.jar:/home/bobi/NetBeansProjects/jcollectd/jcollectd/build/test/classes:/home/bobi/netbeans-6.9.1/java/ant/lib/ant-launcher.jar:/home/bobi/netbeans-6.9.1/java/ant/lib/ant.jar:/home/bobi/netbeans-6.9.1/java/ant/patches/72080.jar" />
    <property name="ant.file.jcollectd" value="/home/bobi/NetBeansProjects/jcollectd/jcollectd/build.xml" />
    <property name="do.mkdist" value="true" />
    <property name="libs.absolutelayout.src" value="" />
    <property name="libs.cdc-pp-awt-layout.maven-pom" value="" />
    <property name="os.version" value="2.6.35-28-generic" />
    <property name="application.args" value="" />
    <property name="file.reference.test-java" value="../../../agarnier/jcollectd/src/test/java" />
    <property name="libs.EclipseLink-GlassFish-v3.javadoc" value="/home/bobi/netbeans-6.9.1/enterprise/docs/javaee6-doc-api.zip" />
    <property name="libs.JMUnit4CLDC11.maven-pom" value="" />
    <property name="libs.toplink.javadoc" value="/home/bobi/netbeans-6.9.1/enterprise/docs/javaee6-doc-api.zip" />
    <property name="sun.desktop" value="gnome" />
    <property name="libs.nb_svg_midp_components.maven-pom" value="" />
    <property name="libs.ricoh-ant-utils.javadoc" value="" />
    <property name="libs.Comet-GlassFish-v3.src" value="" />
    <property name="libs.NetBeans MIDP Components PDA.maven-pom" value="" />
    <property name="libs.restlib.javadoc" value="/home/bobi/netbeans-6.9.1/enterprise/docs/jersey-client-1.1.5.1-javadoc.zip:/home/bobi/netbeans-6.9.1/enterprise/docs/jersey-core-1.1.5.1-javadoc.zip:/home/bobi/netbeans-6.9.1/enterprise/docs/jersey-json-1.1.5.1-javadoc.zip:/home/bobi/netbeans-6.9.1/enterprise/docs/jersey-spring-1.1.5.1-javadoc.zip:/home/bobi/netbeans-6.9.1/enterprise/docs/oauth-client-1.1.5.1-javadoc.zip:/home/bobi/netbeans-6.9.1/enterprise/docs/oauth-signature-1.1.5.1-javadoc.zip" />
    <property name="libs.eclipselink.classpath" value="/home/bobi/netbeans-6.9.1/java/modules/ext/eclipselink/eclipselink-2.0.2.jar:/home/bobi/netbeans-6.9.1/java/modules/ext/eclipselink/eclipselink-javax.persistence-2.0.jar" />
    <property name="libs.beans-binding.javadoc" value="/home/bobi/netbeans-6.9.1/java/docs/beansbinding-1.2.1-doc.zip" />
    <property name="java.awt.graphicsenv" value="sun.awt.X11GraphicsEnvironment" />
    <property name="libs.Java-EE-GlassFish-v3.classpath" value="/home/bobi/glassfish-3.0.1/glassfish/modules/javax.servlet.jsp.jstl.jar:/home/bobi/glassfish-3.0.1/glassfish/modules/endorsed/webservices-api-osgi.jar:/home/bobi/glassfish-3.0.1/glassfish/modules/javax.security.auth.message.jar:/home/bobi/glassfish-3.0.1/glassfish/modules/endorsed/javax.annotation.jar:/home/bobi/glassfish-3.0.1/glassfish/modules/mail.jar:/home/bobi/glassfish-3.0.1/glassfish/modules/javax.resource.jar:/home/bobi/glassfish-3.0.1/glassfish/modules/javax.enterprise.deploy.jar:/home/bobi/glassfish-3.0.1/glassfish/modules/endorsed/jaxb-api-osgi.jar:/home/bobi/glassfish-3.0.1/glassfish/modules/javax.servlet.jar:/home/bobi/glassfish-3.0.1/glassfish/modules/jsf-impl.jar:/home/bobi/glassfish-3.0.1/glassfish/modules/bean-validator.jar:/home/bobi/glassfish-3.0.1/glassfish/modules/jstl-impl.jar:/home/bobi/glassfish-3.0.1/glassfish/modules/javax.transaction.jar:/home/bobi/glassfish-3.0.1/glassfish/modules/javax.servlet.jsp.jar:/home/bobi/glassfish-3.0.1/glassfish/modules/javax.persistence.jar:/home/bobi/glassfish-3.0.1/glassfish/modules/javax.ejb.jar:/home/bobi/glassfish-3.0.1/glassfish/modules/javax.jms.jar:/home/bobi/glassfish-3.0.1/glassfish/modules/weld-osgi-bundle.jar:/home/bobi/glassfish-3.0.1/glassfish/modules/javax.management.j2ee.jar:/home/bobi/glassfish-3.0.1/glassfish/modules/javax.security.jacc.jar:/home/bobi/glassfish-3.0.1/glassfish/modules/jsf-api.jar:/home/bobi/glassfish-3.0.1/glassfish/modules/jsr311-api.jar:/home/bobi/glassfish-3.0.1/glassfish/modules/web-core.jar" />
    <property name="java.vm.vendor" value="Sun Microsystems Inc." />
    <property name="libs.CopyLibs.classpath" value="/home/bobi/netbeans-6.9.1/java/ant/extra/org-netbeans-modules-java-j2seproject-copylibstask.jar" />
    <property name="libs.spring-framework300.classpath" value="/home/bobi/netbeans-6.9.1/ide/modules/ext/commons-logging-1.1.jar:/home/bobi/netbeans-6.9.1/java/modules/ext/cglib-2.2.jar:/home/bobi/netbeans-6.9.1/java/modules/ext/spring-3.0/spring-aop-3.0.2.RELEASE.jar:/home/bobi/netbeans-6.9.1/java/modules/ext/spring-3.0/spring-asm-3.0.2.RELEASE.jar:/home/bobi/netbeans-6.9.1/java/modules/ext/spring-3.0/spring-aspects-3.0.2.RELEASE.jar:/home/bobi/netbeans-6.9.1/java/modules/ext/spring-3.0/spring-beans-3.0.2.RELEASE.jar:/home/bobi/netbeans-6.9.1/java/modules/ext/spring-3.0/spring-context-3.0.2.RELEASE.jar:/home/bobi/netbeans-6.9.1/java/modules/ext/spring-3.0/spring-context-support-3.0.2.RELEASE.jar:/home/bobi/netbeans-6.9.1/java/modules/ext/spring-3.0/spring-core-3.0.2.RELEASE.jar:/home/bobi/netbeans-6.9.1/java/modules/ext/spring-3.0/spring-expression-3.0.2.RELEASE.jar:/home/bobi/netbeans-6.9.1/java/modules/ext/spring-3.0/spring-instrument-3.0.2.RELEASE.jar:/home/bobi/netbeans-6.9.1/java/modules/ext/spring-3.0/spring-instrument-tomcat-3.0.2.RELEASE.jar:/home/bobi/netbeans-6.9.1/java/modules/ext/spring-3.0/spring-jdbc-3.0.2.RELEASE.jar:/home/bobi/netbeans-6.9.1/java/modules/ext/spring-3.0/spring-jms-3.0.2.RELEASE.jar:/home/bobi/netbeans-6.9.1/java/modules/ext/spring-3.0/spring-orm-3.0.2.RELEASE.jar:/home/bobi/netbeans-6.9.1/java/modules/ext/spring-3.0/spring-oxm-3.0.2.RELEASE.jar:/home/bobi/netbeans-6.9.1/java/modules/ext/spring-3.0/spring-test-3.0.2.RELEASE.jar:/home/bobi/netbeans-6.9.1/java/modules/ext/spring-3.0/spring-tx-3.0.2.RELEASE.jar:/home/bobi/netbeans-6.9.1/java/modules/ext/spring-3.0/spring-web-3.0.2.RELEASE.jar:/home/bobi/netbeans-6.9.1/java/modules/ext/spring-3.0/spring-webmvc-portlet-3.0.2.RELEASE.jar:/home/bobi/netbeans-6.9.1/java/modules/ext/spring-3.0/spring-webmvc-3.0.2.RELEASE.jar:/home/bobi/netbeans-6.9.1/java/modules/ext/spring-3.0/spring-struts-3.0.2.RELEASE.jar" />
    <property name="libs.jsp-compiler.maven-pom" value="" />
    <property name="libs.Java-EE-GlassFish-v3.wsinterop" value="" />
    <property name="libs.spring-webmvc.maven-pom" value="" />
    <property name="run.jvmargs" value="" />
    <property name="libs.ejb3-persistence.classpath" value="/home/bobi/netbeans-6.9.1/java/modules/ext/hibernate/ejb3-persistence.jar" />
    <property name="libs.spring-framework.javadoc" value="" />
    <property name="libs.DataBindingME-PIM.src" value="" />
    <property name="libs.PostgreSQLDriver.classpath" value="/home/bobi/netbeans-6.9.1/ide/modules/ext/postgresql-8.3-603.jdbc3.jar" />
    <property name="libs.jsf12.maven-pom" value="" />
    <property name="libs.junit.src" value="" />
    <property name="annotation.processing.source.output" value="build/generated-sources/ap-source-output" />
    <property name="jnlp.signed" value="false" />
    <property name="main.class" value="" />
    <property name="libs.CopyLibs.src" value="" />
    <property name="build.dir" value="build" />
    <property name="auxiliary.org-netbeans-modules-projectimport-eclipse-core.timestamp" value="1303456223000" />
    <property name="libs.jsp-compilation.classpath" value="/home/bobi/netbeans-6.9.1/java/ant/lib/ant.jar:/home/bobi/netbeans-6.9.1/enterprise/modules/ext/servlet2.5-jsp2.1-api.jar:/home/bobi/netbeans-6.9.1/enterprise/modules/ext/glassfish-jspparser-2.0.jar:/home/bobi/netbeans-6.9.1/enterprise/modules/ext/glassfish-logging-2.0.jar:/home/bobi/netbeans-6.9.1/ide/modules/ext/commons-logging-1.1.jar:/home/bobi/netbeans-6.9.1/java/ant/lib/ant-launcher.jar" />
    <property name="ant.version" value="Apache Ant version 1.8.1 compiled on April 30 2010" />
    <property name="build.classes.excludes" value="**/*.java,**/*.form" />
    <property name="file.encoding" value="UTF-8" />
    <property name="javadoc.nonavbar" value="false" />
    <property name="platform.active" value="default_platform" />
  </properties>
  <testcase classname="org.collectd.mx.MBeanSenderTest" name="testJavaLangMBeans" time="0.038">
    <error type="java.lang.NullPointerException">java.lang.NullPointerException
	at org.collectd.protocol.TypesDB.load(Unknown Source)
	at org.collectd.protocol.TypesDB.getInstance(Unknown Source)
	at org.collectd.protocol.PacketWriter.&lt;init&gt;(Unknown Source)
	at org.collectd.protocol.PacketWriter.&lt;init&gt;(Unknown Source)
	at org.collectd.protocol.UdpSender.&lt;init&gt;(Unknown Source)
	at org.collectd.mx.MBeanSender.addDestination(Unknown Source)
	at org.collectd.mx.MBeanSenderTest.setUp(MBeanSenderTest.java:62)
</error>
  </testcase>
  <testcase classname="org.collectd.mx.MBeanSenderTest" name="testJavaLangTemplate" time="0.015">
    <failure type="junit.framework.AssertionFailedError">junit.framework.AssertionFailedError
	at org.collectd.mx.MBeanSenderTest.testJavaLangTemplate(MBeanSenderTest.java:92)
</failure>
  </testcase>
  <testcase classname="org.collectd.mx.MBeanSenderTest" name="testDynamicMBean" time="1.008" />
  <system-out><![CDATA[]]></system-out>
  <system-err><![CDATA[22 avr. 2011 10:46:45 org.collectd.mx.MBeanSenderTest tearDown
INFO: 0 ValueLists dispatched
22 avr. 2011 10:46:45 org.collectd.mx.MBeanSenderTest tearDown
INFO: 0 Notifications dispatched
22 avr. 2011 10:46:46 org.collectd.mx.MBeanSenderTest testDynamicMBean
INFO: MBeanSenderTest:type=dynamic was=0, now=2
22 avr. 2011 10:46:46 org.collectd.mx.MBeanSenderTest tearDown
INFO: 2 ValueLists dispatched
22 avr. 2011 10:46:46 org.collectd.mx.MBeanSenderTest tearDown
INFO: 0 Notifications dispatched
]]></system-err>
</testsuite>
